[debug] [2020-02-11T05:25:51.199Z] ----------------------------------------------------------------------
[debug] [2020-02-11T05:25:51.201Z] Command:       /home/kairos/.nvm/versions/node/v10.15.0/bin/node /home/kairos/.nvm/versions/node/v10.15.0/bin/firebase serve --only functions
[debug] [2020-02-11T05:25:51.202Z] CLI Version:   7.12.1
[debug] [2020-02-11T05:25:51.202Z] Platform:      linux
[debug] [2020-02-11T05:25:51.202Z] Node Version:  v10.15.0
[debug] [2020-02-11T05:25:51.202Z] Time:          Tue Feb 11 2020 14:25:51 GMT+0900 (Korean Standard Time)
[debug] [2020-02-11T05:25:51.203Z] ----------------------------------------------------------------------
[debug] [2020-02-11T05:25:51.203Z] 
[debug] [2020-02-11T05:25:51.211Z] > command requires scopes: ["email","openid","https://www.googleapis.com/auth/cloudplatformprojects.readonly","https://www.googleapis.com/auth/firebase","https://www.googleapis.com/auth/cloud-platform"]
[debug] [2020-02-11T05:25:51.211Z] > authorizing via signed-in user
[debug] [2020-02-11T05:25:51.211Z] [iam] checking project mlvclab-intranet-khu for permissions ["firebase.projects.get"]
[debug] [2020-02-11T05:25:51.213Z] >>> HTTP REQUEST POST https://cloudresourcemanager.googleapis.com/v1/projects/mlvclab-intranet-khu:testIamPermissions  

[debug] [2020-02-11T05:25:52.075Z] <<< HTTP RESPONSE 200
[debug] [2020-02-11T05:25:52.080Z] >>> HTTP REQUEST GET https://firebase.googleapis.com/v1beta1/projects/mlvclab-intranet-khu  
 
[debug] [2020-02-11T05:25:52.556Z] <<< HTTP RESPONSE 200
[warn] ⚠  Your requested "node" version "8" doesn't match your global version "10"
[info] ✔  functions: Emulator started at http://localhost:5000
[info] i  functions: Watching "/home/kairos/Develop/mlvc-intranet/frontend/functions" for Cloud Functions...
[debug] [2020-02-11T05:25:52.861Z] [worker-pool] addWorker(~diagnostic~)
[debug] [2020-02-11T05:25:52.861Z] [worker-pool] Adding worker with key ~diagnostic~, total=1
[debug] [2020-02-11T05:25:52.862Z] [worker-pool] submitWork(triggerId=)
[debug] [2020-02-11T05:25:52.863Z] [worker-~diagnostic~-c83cd35f-83e0-4b0d-889e-3c8fa87d8cb2]: Assigning socketPath: /tmp/fire_emu_29652.sock
[debug] [2020-02-11T05:25:52.864Z] [worker-~diagnostic~-c83cd35f-83e0-4b0d-889e-3c8fa87d8cb2]: BUSY
[debug] [2020-02-11T05:25:53.150Z] [runtime-status] [29652] Functions runtime initialized. {"cwd":"/home/kairos/Develop/mlvc-intranet/frontend/functions","node_version":"10.15.0"}
[debug] [2020-02-11T05:25:53.155Z] [runtime-status] [29652] Disabled runtime features: {"functions_config_helper":true,"network_filtering":true,"timeout":true,"memory_limiting":true,"admin_stubs":true,"pubsub_emulator":true}
[debug] [2020-02-11T05:25:53.157Z] [runtime-status] [29652] Resolved module firebase-admin {"declared":true,"installed":true,"version":"8.9.2","resolution":"/home/kairos/Develop/mlvc-intranet/frontend/functions/node_modules/firebase-admin/lib/index.js"}
[debug] [2020-02-11T05:25:53.159Z] [runtime-status] [29652] Resolved module firebase-functions {"declared":true,"installed":true,"version":"3.3.0","resolution":"/home/kairos/Develop/mlvc-intranet/frontend/functions/node_modules/firebase-functions/lib/index.js"}
[debug] [2020-02-11T05:25:53.159Z] [runtime-status] [29652] Resolved module firebase-functions {"declared":true,"installed":true,"version":"3.3.0","resolution":"/home/kairos/Develop/mlvc-intranet/frontend/functions/node_modules/firebase-functions/lib/index.js"}
[info] ✔  functions[helloWorld]: http function initialized (http://localhost:5000/mlvclab-intranet-khu/us-central1/helloWorld).
[info] ✔  functions[test]: http function initialized (http://localhost:5000/mlvclab-intranet-khu/us-central1/test).
[debug] [2020-02-11T05:25:53.278Z] [worker-~diagnostic~-c83cd35f-83e0-4b0d-889e-3c8fa87d8cb2]: IDLE
[debug] [2020-02-11T05:25:55.767Z] [work-queue] {"queueLength":1,"workRunningCount":0}
[debug] [2020-02-11T05:25:55.768Z] [work-queue] {"queueLength":0,"workRunningCount":1}
[debug] [2020-02-11T05:25:55.768Z] Accepted request GET /mlvclab-intranet-khu/us-central1/test --> test
[debug] [2020-02-11T05:25:55.773Z] [worker-pool] addWorker(test)
[debug] [2020-02-11T05:25:55.773Z] [worker-pool] Adding worker with key test, total=1
[debug] [2020-02-11T05:25:55.774Z] [worker-pool] submitWork(triggerId=test)
[debug] [2020-02-11T05:25:55.774Z] [worker-test-6c2b90de-2206-456e-bdeb-01bbe5e5e797]: Assigning socketPath: /tmp/fire_emu_29763.sock
[debug] [2020-02-11T05:25:55.774Z] [worker-test-6c2b90de-2206-456e-bdeb-01bbe5e5e797]: BUSY
[debug] [2020-02-11T05:25:56.095Z] [runtime-status] [29763] Functions runtime initialized. {"cwd":"/home/kairos/Develop/mlvc-intranet/frontend/functions","node_version":"10.15.0"}
[debug] [2020-02-11T05:25:56.097Z] [runtime-status] [29763] Disabled runtime features: {"functions_config_helper":true,"network_filtering":true,"timeout":true,"memory_limiting":true,"admin_stubs":true,"pubsub_emulator":true}
[debug] [2020-02-11T05:25:56.099Z] [runtime-status] [29763] Resolved module firebase-admin {"declared":true,"installed":true,"version":"8.9.2","resolution":"/home/kairos/Develop/mlvc-intranet/frontend/functions/node_modules/firebase-admin/lib/index.js"}
[debug] [2020-02-11T05:25:56.101Z] [runtime-status] [29763] Resolved module firebase-functions {"declared":true,"installed":true,"version":"3.3.0","resolution":"/home/kairos/Develop/mlvc-intranet/frontend/functions/node_modules/firebase-functions/lib/index.js"}
[debug] [2020-02-11T05:25:56.105Z] [runtime-status] [29763] Resolved module firebase-functions {"declared":true,"installed":true,"version":"3.3.0","resolution":"/home/kairos/Develop/mlvc-intranet/frontend/functions/node_modules/firebase-functions/lib/index.js"}
[debug] [2020-02-11T05:25:56.252Z] [runtime-status] [29763] Trigger "test" has been found, beginning invocation!
[info] i  functions: Beginning execution of "test"
[debug] [2020-02-11T05:25:56.254Z] [runtime-status] [29763] triggerDefinition {"httpsTrigger":{},"name":"test","entryPoint":"test"}
[debug] [2020-02-11T05:25:56.254Z] [runtime-status] [29763] Running test in mode HTTPS
[debug] [2020-02-11T05:25:56.258Z] [runtime-status] [29763] Attempting to listen to socketPath: /tmp/fire_emu_29763.sock
[debug] [2020-02-11T05:25:56.263Z] [functions] Runtime ready! Sending request!
[debug] [2020-02-11T05:25:56.272Z] [runtime-status] [29763] Ephemeral server handling GET request
[debug] [2020-02-11T05:25:56.281Z] [runtime-status] [29763] Ephemeral server survived.
[info] i  functions: Finished "test" in ~1s
[debug] [2020-02-11T05:25:56.282Z] [worker-test-6c2b90de-2206-456e-bdeb-01bbe5e5e797]: IDLE
[debug] [2020-02-11T05:25:56.282Z] [work-queue] {"queueLength":0,"workRunningCount":0}
[debug] [2020-02-11T05:30:22.381Z] [work-queue] {"queueLength":1,"workRunningCount":0}
[debug] [2020-02-11T05:30:22.382Z] [work-queue] {"queueLength":0,"workRunningCount":1}
[debug] [2020-02-11T05:30:22.383Z] Accepted request POST /mlvclab-intranet-khu/us-central1/test --> test
[debug] [2020-02-11T05:30:22.384Z] [worker-pool] submitWork(triggerId=test)
[debug] [2020-02-11T05:30:22.384Z] [worker-test-6c2b90de-2206-456e-bdeb-01bbe5e5e797]: Assigning socketPath: /tmp/fire_emu_29763.sock
[debug] [2020-02-11T05:30:22.384Z] [worker-test-6c2b90de-2206-456e-bdeb-01bbe5e5e797]: BUSY
[debug] [2020-02-11T05:30:22.390Z] [runtime-status] [29763] Trigger "test" has been found, beginning invocation!
[info] i  functions: Beginning execution of "test"
[debug] [2020-02-11T05:30:22.393Z] [runtime-status] [29763] triggerDefinition {"httpsTrigger":{},"name":"test","entryPoint":"test"}
[debug] [2020-02-11T05:30:22.394Z] [runtime-status] [29763] Running test in mode HTTPS
[debug] [2020-02-11T05:30:22.394Z] [runtime-status] [29763] Attempting to listen to socketPath: /tmp/fire_emu_29763.sock
[debug] [2020-02-11T05:30:22.398Z] [functions] Runtime ready! Sending request!
[debug] [2020-02-11T05:30:22.420Z] [runtime-status] [29763] Ephemeral server handling POST request
[debug] [2020-02-11T05:30:22.420Z] [runtime-status] [29763] Ephemeral server survived.
[info] i  functions: Finished "test" in ~1s
[debug] [2020-02-11T05:30:22.420Z] [worker-test-6c2b90de-2206-456e-bdeb-01bbe5e5e797]: IDLE
[debug] [2020-02-11T05:30:22.420Z] [work-queue] {"queueLength":0,"workRunningCount":0}
[debug] [2020-02-11T05:32:13.798Z] File /home/kairos/Develop/mlvc-intranet/frontend/functions/test/index.js changed, reloading triggers
[debug] [2020-02-11T05:32:14.799Z] [worker-pool] Shutting down IDLE worker (~diagnostic~)
[debug] [2020-02-11T05:32:14.800Z] [worker-~diagnostic~-c83cd35f-83e0-4b0d-889e-3c8fa87d8cb2]: FINISHING
[debug] [2020-02-11T05:32:14.803Z] [worker-pool] Shutting down IDLE worker (test)
[debug] [2020-02-11T05:32:14.804Z] [worker-test-6c2b90de-2206-456e-bdeb-01bbe5e5e797]: FINISHING
[debug] [2020-02-11T05:32:14.810Z] [worker-pool] addWorker(~diagnostic~)
[debug] [2020-02-11T05:32:14.811Z] [worker-pool] Adding worker with key ~diagnostic~, total=2
[debug] [2020-02-11T05:32:14.811Z] [worker-pool] submitWork(triggerId=)
[debug] [2020-02-11T05:32:14.811Z] [worker-~diagnostic~-1265e1ae-150d-469c-ae44-44ebbb0d2f21]: Assigning socketPath: /tmp/fire_emu_30043.sock
[debug] [2020-02-11T05:32:14.811Z] [worker-~diagnostic~-1265e1ae-150d-469c-ae44-44ebbb0d2f21]: BUSY
[debug] [2020-02-11T05:32:14.812Z] [worker-~diagnostic~-c83cd35f-83e0-4b0d-889e-3c8fa87d8cb2]: exited
[debug] [2020-02-11T05:32:14.812Z] [worker-~diagnostic~-c83cd35f-83e0-4b0d-889e-3c8fa87d8cb2]: FINISHED
[debug] [2020-02-11T05:32:14.812Z] [worker-test-6c2b90de-2206-456e-bdeb-01bbe5e5e797]: exited
[debug] [2020-02-11T05:32:14.812Z] [worker-test-6c2b90de-2206-456e-bdeb-01bbe5e5e797]: FINISHED
[debug] [2020-02-11T05:32:15.178Z] [runtime-status] [30043] Functions runtime initialized. {"cwd":"/home/kairos/Develop/mlvc-intranet/frontend/functions","node_version":"10.15.0"}
[debug] [2020-02-11T05:32:15.181Z] [runtime-status] [30043] Disabled runtime features: {"functions_config_helper":true,"network_filtering":true,"timeout":true,"memory_limiting":true,"admin_stubs":true,"pubsub_emulator":true}
[debug] [2020-02-11T05:32:15.185Z] [runtime-status] [30043] Resolved module firebase-admin {"declared":true,"installed":true,"version":"8.9.2","resolution":"/home/kairos/Develop/mlvc-intranet/frontend/functions/node_modules/firebase-admin/lib/index.js"}
[debug] [2020-02-11T05:32:15.190Z] [runtime-status] [30043] Resolved module firebase-functions {"declared":true,"installed":true,"version":"3.3.0","resolution":"/home/kairos/Develop/mlvc-intranet/frontend/functions/node_modules/firebase-functions/lib/index.js"}
[debug] [2020-02-11T05:32:15.190Z] [runtime-status] [30043] Resolved module firebase-functions {"declared":true,"installed":true,"version":"3.3.0","resolution":"/home/kairos/Develop/mlvc-intranet/frontend/functions/node_modules/firebase-functions/lib/index.js"}
[debug] [2020-02-11T05:32:15.346Z] [worker-~diagnostic~-1265e1ae-150d-469c-ae44-44ebbb0d2f21]: IDLE
[debug] [2020-02-11T05:32:19.909Z] File /home/kairos/Develop/mlvc-intranet/frontend/functions/test/index.js changed, reloading triggers
[debug] [2020-02-11T05:32:20.909Z] [worker-pool] Shutting down IDLE worker (~diagnostic~)
[debug] [2020-02-11T05:32:20.910Z] [worker-~diagnostic~-1265e1ae-150d-469c-ae44-44ebbb0d2f21]: FINISHING
[debug] [2020-02-11T05:32:20.910Z] [worker-pool] Cleaned up workers for ~diagnostic~: 2 --> 1
[debug] [2020-02-11T05:32:20.910Z] [worker-pool] Cleaned up workers for test: 1 --> 0
[debug] [2020-02-11T05:32:20.925Z] [worker-pool] addWorker(~diagnostic~)
[debug] [2020-02-11T05:32:20.925Z] [worker-pool] Adding worker with key ~diagnostic~, total=2
[debug] [2020-02-11T05:32:20.925Z] [worker-pool] submitWork(triggerId=)
[debug] [2020-02-11T05:32:20.925Z] [worker-~diagnostic~-9f796072-21af-4f95-8077-d8a8f6dadb4a]: Assigning socketPath: /tmp/fire_emu_30060.sock
[debug] [2020-02-11T05:32:20.926Z] [worker-~diagnostic~-9f796072-21af-4f95-8077-d8a8f6dadb4a]: BUSY
[debug] [2020-02-11T05:32:20.927Z] [worker-~diagnostic~-1265e1ae-150d-469c-ae44-44ebbb0d2f21]: exited
[debug] [2020-02-11T05:32:20.927Z] [worker-~diagnostic~-1265e1ae-150d-469c-ae44-44ebbb0d2f21]: FINISHED
[debug] [2020-02-11T05:32:21.344Z] [runtime-status] [30060] Functions runtime initialized. {"cwd":"/home/kairos/Develop/mlvc-intranet/frontend/functions","node_version":"10.15.0"}
[debug] [2020-02-11T05:32:21.346Z] [runtime-status] [30060] Disabled runtime features: {"functions_config_helper":true,"network_filtering":true,"timeout":true,"memory_limiting":true,"admin_stubs":true,"pubsub_emulator":true}
[debug] [2020-02-11T05:32:21.350Z] [runtime-status] [30060] Resolved module firebase-admin {"declared":true,"installed":true,"version":"8.9.2","resolution":"/home/kairos/Develop/mlvc-intranet/frontend/functions/node_modules/firebase-admin/lib/index.js"}
[debug] [2020-02-11T05:32:21.352Z] [runtime-status] [30060] Resolved module firebase-functions {"declared":true,"installed":true,"version":"3.3.0","resolution":"/home/kairos/Develop/mlvc-intranet/frontend/functions/node_modules/firebase-functions/lib/index.js"}
[debug] [2020-02-11T05:32:21.353Z] [runtime-status] [30060] Resolved module firebase-functions {"declared":true,"installed":true,"version":"3.3.0","resolution":"/home/kairos/Develop/mlvc-intranet/frontend/functions/node_modules/firebase-functions/lib/index.js"}
[debug] [2020-02-11T05:32:21.496Z] [worker-~diagnostic~-9f796072-21af-4f95-8077-d8a8f6dadb4a]: IDLE
[debug] [2020-02-11T05:32:22.776Z] File /home/kairos/Develop/mlvc-intranet/frontend/functions/test/index.js changed, reloading triggers
[debug] [2020-02-11T05:32:23.777Z] [worker-pool] Shutting down IDLE worker (~diagnostic~)
[debug] [2020-02-11T05:32:23.778Z] [worker-~diagnostic~-9f796072-21af-4f95-8077-d8a8f6dadb4a]: FINISHING
[debug] [2020-02-11T05:32:23.778Z] [worker-pool] Cleaned up workers for ~diagnostic~: 2 --> 1
[debug] [2020-02-11T05:32:23.802Z] [worker-pool] addWorker(~diagnostic~)
[debug] [2020-02-11T05:32:23.803Z] [worker-pool] Adding worker with key ~diagnostic~, total=2
[debug] [2020-02-11T05:32:23.803Z] [worker-pool] submitWork(triggerId=)
[debug] [2020-02-11T05:32:23.803Z] [worker-~diagnostic~-1861b68d-ca58-40e5-aee4-7e9abc8743d4]: Assigning socketPath: /tmp/fire_emu_30076.sock
[debug] [2020-02-11T05:32:23.804Z] [worker-~diagnostic~-1861b68d-ca58-40e5-aee4-7e9abc8743d4]: BUSY
[debug] [2020-02-11T05:32:23.807Z] [worker-~diagnostic~-9f796072-21af-4f95-8077-d8a8f6dadb4a]: exited
[debug] [2020-02-11T05:32:23.808Z] [worker-~diagnostic~-9f796072-21af-4f95-8077-d8a8f6dadb4a]: FINISHED
[debug] [2020-02-11T05:32:24.207Z] [runtime-status] [30076] Functions runtime initialized. {"cwd":"/home/kairos/Develop/mlvc-intranet/frontend/functions","node_version":"10.15.0"}
[debug] [2020-02-11T05:32:24.209Z] [runtime-status] [30076] Disabled runtime features: {"functions_config_helper":true,"network_filtering":true,"timeout":true,"memory_limiting":true,"admin_stubs":true,"pubsub_emulator":true}
[debug] [2020-02-11T05:32:24.211Z] [runtime-status] [30076] Resolved module firebase-admin {"declared":true,"installed":true,"version":"8.9.2","resolution":"/home/kairos/Develop/mlvc-intranet/frontend/functions/node_modules/firebase-admin/lib/index.js"}
[debug] [2020-02-11T05:32:24.212Z] [runtime-status] [30076] Resolved module firebase-functions {"declared":true,"installed":true,"version":"3.3.0","resolution":"/home/kairos/Develop/mlvc-intranet/frontend/functions/node_modules/firebase-functions/lib/index.js"}
[debug] [2020-02-11T05:32:24.212Z] [runtime-status] [30076] Resolved module firebase-functions {"declared":true,"installed":true,"version":"3.3.0","resolution":"/home/kairos/Develop/mlvc-intranet/frontend/functions/node_modules/firebase-functions/lib/index.js"}
[debug] [2020-02-11T05:32:24.380Z] [worker-~diagnostic~-1861b68d-ca58-40e5-aee4-7e9abc8743d4]: IDLE
[debug] [2020-02-11T05:32:30.145Z] ----------------------------------------------------------------------
[debug] [2020-02-11T05:32:30.148Z] Command:       /home/kairos/.nvm/versions/node/v10.15.0/bin/node /home/kairos/.nvm/versions/node/v10.15.0/bin/firebase serve --only functions
[debug] [2020-02-11T05:32:30.149Z] CLI Version:   7.12.1
[debug] [2020-02-11T05:32:30.149Z] Platform:      linux
[debug] [2020-02-11T05:32:30.149Z] Node Version:  v10.15.0
[debug] [2020-02-11T05:32:30.150Z] Time:          Tue Feb 11 2020 14:32:30 GMT+0900 (Korean Standard Time)
[debug] [2020-02-11T05:32:30.150Z] ----------------------------------------------------------------------
[debug] [2020-02-11T05:32:30.150Z] 
[debug] [2020-02-11T05:32:30.162Z] > command requires scopes: ["email","openid","https://www.googleapis.com/auth/cloudplatformprojects.readonly","https://www.googleapis.com/auth/firebase","https://www.googleapis.com/auth/cloud-platform"]
[debug] [2020-02-11T05:32:30.163Z] > authorizing via signed-in user
[debug] [2020-02-11T05:32:30.163Z] [iam] checking project mlvclab-intranet-khu for permissions ["firebase.projects.get"]
[debug] [2020-02-11T05:32:30.168Z] >>> HTTP REQUEST POST https://cloudresourcemanager.googleapis.com/v1/projects/mlvclab-intranet-khu:testIamPermissions  

[debug] [2020-02-11T05:32:31.118Z] <<< HTTP RESPONSE 200
[debug] [2020-02-11T05:32:31.121Z] >>> HTTP REQUEST GET https://firebase.googleapis.com/v1beta1/projects/mlvclab-intranet-khu  
 
[debug] [2020-02-11T05:32:31.637Z] <<< HTTP RESPONSE 200
[warn] ⚠  Your requested "node" version "8" doesn't match your global version "10"
[info] ✔  functions: Emulator started at http://localhost:5000
[info] i  functions: Watching "/home/kairos/Develop/mlvc-intranet/frontend/functions" for Cloud Functions...
[debug] [2020-02-11T05:32:32.004Z] [worker-pool] addWorker(~diagnostic~)
[debug] [2020-02-11T05:32:32.004Z] [worker-pool] Adding worker with key ~diagnostic~, total=1
[debug] [2020-02-11T05:32:32.005Z] [worker-pool] submitWork(triggerId=)
[debug] [2020-02-11T05:32:32.006Z] [worker-~diagnostic~-e81aa9fd-29e2-4948-94df-d1823d6200c9]: Assigning socketPath: /tmp/fire_emu_30127.sock
[debug] [2020-02-11T05:32:32.006Z] [worker-~diagnostic~-e81aa9fd-29e2-4948-94df-d1823d6200c9]: BUSY
[debug] [2020-02-11T05:32:32.345Z] [runtime-status] [30127] Functions runtime initialized. {"cwd":"/home/kairos/Develop/mlvc-intranet/frontend/functions","node_version":"10.15.0"}
[debug] [2020-02-11T05:32:32.347Z] [runtime-status] [30127] Disabled runtime features: {"functions_config_helper":true,"network_filtering":true,"timeout":true,"memory_limiting":true,"admin_stubs":true,"pubsub_emulator":true}
[debug] [2020-02-11T05:32:32.352Z] [runtime-status] [30127] Resolved module firebase-admin {"declared":true,"installed":true,"version":"8.9.2","resolution":"/home/kairos/Develop/mlvc-intranet/frontend/functions/node_modules/firebase-admin/lib/index.js"}
[debug] [2020-02-11T05:32:32.353Z] [runtime-status] [30127] Resolved module firebase-functions {"declared":true,"installed":true,"version":"3.3.0","resolution":"/home/kairos/Develop/mlvc-intranet/frontend/functions/node_modules/firebase-functions/lib/index.js"}
[debug] [2020-02-11T05:32:32.354Z] [runtime-status] [30127] Resolved module firebase-functions {"declared":true,"installed":true,"version":"3.3.0","resolution":"/home/kairos/Develop/mlvc-intranet/frontend/functions/node_modules/firebase-functions/lib/index.js"}
[debug] [2020-02-11T05:32:32.502Z] [worker-~diagnostic~-e81aa9fd-29e2-4948-94df-d1823d6200c9]: IDLE
[info] ✔  functions[helloWorld]: http function initialized (http://localhost:5000/mlvclab-intranet-khu/us-central1/helloWorld).
[info] ✔  functions[test]: http function initialized (http://localhost:5000/mlvclab-intranet-khu/us-central1/test).
[debug] [2020-02-11T05:32:36.621Z] [work-queue] {"queueLength":1,"workRunningCount":0}
[debug] [2020-02-11T05:32:36.621Z] [work-queue] {"queueLength":0,"workRunningCount":1}
[debug] [2020-02-11T05:32:36.621Z] Accepted request POST /mlvclab-intranet-khu/us-central1/test --> test
[debug] [2020-02-11T05:32:36.634Z] [worker-pool] addWorker(test)
[debug] [2020-02-11T05:32:36.635Z] [worker-pool] Adding worker with key test, total=1
[debug] [2020-02-11T05:32:36.635Z] [worker-pool] submitWork(triggerId=test)
[debug] [2020-02-11T05:32:36.635Z] [worker-test-b5048d3d-1da9-4462-b3e6-8f4ddce8ff0b]: Assigning socketPath: /tmp/fire_emu_30137.sock
[debug] [2020-02-11T05:32:36.635Z] [worker-test-b5048d3d-1da9-4462-b3e6-8f4ddce8ff0b]: BUSY
[debug] [2020-02-11T05:32:37.090Z] [runtime-status] [30137] Functions runtime initialized. {"cwd":"/home/kairos/Develop/mlvc-intranet/frontend/functions","node_version":"10.15.0"}
[debug] [2020-02-11T05:32:37.092Z] [runtime-status] [30137] Disabled runtime features: {"functions_config_helper":true,"network_filtering":true,"timeout":true,"memory_limiting":true,"admin_stubs":true,"pubsub_emulator":true}
[debug] [2020-02-11T05:32:37.094Z] [runtime-status] [30137] Resolved module firebase-admin {"declared":true,"installed":true,"version":"8.9.2","resolution":"/home/kairos/Develop/mlvc-intranet/frontend/functions/node_modules/firebase-admin/lib/index.js"}
[debug] [2020-02-11T05:32:37.095Z] [runtime-status] [30137] Resolved module firebase-functions {"declared":true,"installed":true,"version":"3.3.0","resolution":"/home/kairos/Develop/mlvc-intranet/frontend/functions/node_modules/firebase-functions/lib/index.js"}
[debug] [2020-02-11T05:32:37.096Z] [runtime-status] [30137] Resolved module firebase-functions {"declared":true,"installed":true,"version":"3.3.0","resolution":"/home/kairos/Develop/mlvc-intranet/frontend/functions/node_modules/firebase-functions/lib/index.js"}
[debug] [2020-02-11T05:32:37.247Z] [runtime-status] [30137] Trigger "test" has been found, beginning invocation!
[info] i  functions: Beginning execution of "test"
[debug] [2020-02-11T05:32:37.248Z] [runtime-status] [30137] triggerDefinition {"httpsTrigger":{},"name":"test","entryPoint":"test"}
[debug] [2020-02-11T05:32:37.248Z] [runtime-status] [30137] Running test in mode HTTPS
[debug] [2020-02-11T05:32:37.254Z] [runtime-status] [30137] Attempting to listen to socketPath: /tmp/fire_emu_30137.sock
[debug] [2020-02-11T05:32:37.260Z] [functions] Runtime ready! Sending request!
[debug] [2020-02-11T05:32:37.274Z] [runtime-status] [30137] Ephemeral server handling POST request
[debug] [2020-02-11T05:32:37.288Z] [runtime-status] [30137] Ephemeral server survived.
[info] i  functions: Finished "test" in ~1s
[debug] [2020-02-11T05:32:37.288Z] [worker-test-b5048d3d-1da9-4462-b3e6-8f4ddce8ff0b]: IDLE
[debug] [2020-02-11T05:32:37.288Z] [work-queue] {"queueLength":0,"workRunningCount":0}
[debug] [2020-02-11T05:35:07.902Z] [work-queue] {"queueLength":1,"workRunningCount":0}
[debug] [2020-02-11T05:35:07.902Z] [work-queue] {"queueLength":0,"workRunningCount":1}
[debug] [2020-02-11T05:35:07.902Z] Accepted request POST /mlvclab-intranet-khu/us-central1/test --> test
[debug] [2020-02-11T05:35:07.902Z] [worker-pool] submitWork(triggerId=test)
[debug] [2020-02-11T05:35:07.902Z] [worker-test-b5048d3d-1da9-4462-b3e6-8f4ddce8ff0b]: Assigning socketPath: /tmp/fire_emu_30137.sock
[debug] [2020-02-11T05:35:07.902Z] [worker-test-b5048d3d-1da9-4462-b3e6-8f4ddce8ff0b]: BUSY
[debug] [2020-02-11T05:35:07.905Z] [runtime-status] [30137] Trigger "test" has been found, beginning invocation!
[info] i  functions: Beginning execution of "test"
[debug] [2020-02-11T05:35:07.905Z] [runtime-status] [30137] triggerDefinition {"httpsTrigger":{},"name":"test","entryPoint":"test"}
[debug] [2020-02-11T05:35:07.906Z] [runtime-status] [30137] Running test in mode HTTPS
[debug] [2020-02-11T05:35:07.906Z] [runtime-status] [30137] Attempting to listen to socketPath: /tmp/fire_emu_30137.sock
[debug] [2020-02-11T05:35:07.908Z] [functions] Runtime ready! Sending request!
[debug] [2020-02-11T05:35:07.914Z] [runtime-status] [30137] Ephemeral server handling POST request
[debug] [2020-02-11T05:35:07.917Z] [runtime-status] [30137] Ephemeral server survived.
[info] i  functions: Finished "test" in ~1s
[debug] [2020-02-11T05:35:07.917Z] [worker-test-b5048d3d-1da9-4462-b3e6-8f4ddce8ff0b]: IDLE
[debug] [2020-02-11T05:35:07.917Z] [work-queue] {"queueLength":0,"workRunningCount":0}
[debug] [2020-02-11T05:35:59.572Z] [work-queue] {"queueLength":1,"workRunningCount":0}
[debug] [2020-02-11T05:35:59.572Z] [work-queue] {"queueLength":0,"workRunningCount":1}
[debug] [2020-02-11T05:35:59.572Z] Accepted request POST /mlvclab-intranet-khu/us-central1/test --> test
[debug] [2020-02-11T05:35:59.573Z] [worker-pool] submitWork(triggerId=test)
[debug] [2020-02-11T05:35:59.573Z] [worker-test-b5048d3d-1da9-4462-b3e6-8f4ddce8ff0b]: Assigning socketPath: /tmp/fire_emu_30137.sock
[debug] [2020-02-11T05:35:59.573Z] [worker-test-b5048d3d-1da9-4462-b3e6-8f4ddce8ff0b]: BUSY
[debug] [2020-02-11T05:35:59.576Z] [runtime-status] [30137] Trigger "test" has been found, beginning invocation!
[info] i  functions: Beginning execution of "test"
[debug] [2020-02-11T05:35:59.577Z] [runtime-status] [30137] triggerDefinition {"httpsTrigger":{},"name":"test","entryPoint":"test"}
[debug] [2020-02-11T05:35:59.577Z] [runtime-status] [30137] Running test in mode HTTPS
[debug] [2020-02-11T05:35:59.577Z] [runtime-status] [30137] Attempting to listen to socketPath: /tmp/fire_emu_30137.sock
[debug] [2020-02-11T05:35:59.580Z] [functions] Runtime ready! Sending request!
[debug] [2020-02-11T05:35:59.590Z] [runtime-status] [30137] Ephemeral server handling POST request
[debug] [2020-02-11T05:35:59.592Z] [runtime-status] [30137] Ephemeral server survived.
[info] i  functions: Finished "test" in ~1s
[debug] [2020-02-11T05:35:59.593Z] [worker-test-b5048d3d-1da9-4462-b3e6-8f4ddce8ff0b]: IDLE
[debug] [2020-02-11T05:35:59.593Z] [work-queue] {"queueLength":0,"workRunningCount":0}
[debug] [2020-02-11T05:39:00.005Z] [work-queue] {"queueLength":1,"workRunningCount":0}
[debug] [2020-02-11T05:39:00.005Z] [work-queue] {"queueLength":0,"workRunningCount":1}
[debug] [2020-02-11T05:39:00.006Z] Accepted request POST /mlvclab-intranet-khu/us-central1/test --> test
[debug] [2020-02-11T05:39:00.006Z] [worker-pool] submitWork(triggerId=test)
[debug] [2020-02-11T05:39:00.006Z] [worker-test-b5048d3d-1da9-4462-b3e6-8f4ddce8ff0b]: Assigning socketPath: /tmp/fire_emu_30137.sock
[debug] [2020-02-11T05:39:00.006Z] [worker-test-b5048d3d-1da9-4462-b3e6-8f4ddce8ff0b]: BUSY
[debug] [2020-02-11T05:39:00.011Z] [runtime-status] [30137] Trigger "test" has been found, beginning invocation!
[info] i  functions: Beginning execution of "test"
[debug] [2020-02-11T05:39:00.012Z] [runtime-status] [30137] triggerDefinition {"httpsTrigger":{},"name":"test","entryPoint":"test"}
[debug] [2020-02-11T05:39:00.013Z] [runtime-status] [30137] Running test in mode HTTPS
[debug] [2020-02-11T05:39:00.013Z] [runtime-status] [30137] Attempting to listen to socketPath: /tmp/fire_emu_30137.sock
[debug] [2020-02-11T05:39:00.015Z] [functions] Runtime ready! Sending request!
[debug] [2020-02-11T05:39:00.023Z] [runtime-status] [30137] Ephemeral server handling POST request
[debug] [2020-02-11T05:39:00.023Z] [runtime-status] [30137] Ephemeral server survived.
[info] i  functions: Finished "test" in ~1s
[debug] [2020-02-11T05:39:00.024Z] [worker-test-b5048d3d-1da9-4462-b3e6-8f4ddce8ff0b]: IDLE
[debug] [2020-02-11T05:39:00.025Z] [work-queue] {"queueLength":0,"workRunningCount":0}
[debug] [2020-02-11T05:39:01.015Z] [work-queue] {"queueLength":1,"workRunningCount":0}
[debug] [2020-02-11T05:39:01.015Z] [work-queue] {"queueLength":0,"workRunningCount":1}
[debug] [2020-02-11T05:39:01.016Z] Accepted request OPTIONS /mlvclab-intranet-khu/us-central1/test/123 --> test
[debug] [2020-02-11T05:39:01.016Z] [worker-pool] submitWork(triggerId=test)
[debug] [2020-02-11T05:39:01.016Z] [worker-test-b5048d3d-1da9-4462-b3e6-8f4ddce8ff0b]: Assigning socketPath: /tmp/fire_emu_30137.sock
[debug] [2020-02-11T05:39:01.016Z] [worker-test-b5048d3d-1da9-4462-b3e6-8f4ddce8ff0b]: BUSY
[debug] [2020-02-11T05:39:01.020Z] [runtime-status] [30137] Trigger "test" has been found, beginning invocation!
[info] i  functions: Beginning execution of "test"
[debug] [2020-02-11T05:39:01.021Z] [runtime-status] [30137] triggerDefinition {"httpsTrigger":{},"name":"test","entryPoint":"test"}
[debug] [2020-02-11T05:39:01.021Z] [runtime-status] [30137] Running test in mode HTTPS
[debug] [2020-02-11T05:39:01.021Z] [runtime-status] [30137] Attempting to listen to socketPath: /tmp/fire_emu_30137.sock
[debug] [2020-02-11T05:39:01.024Z] [functions] Runtime ready! Sending request!
[debug] [2020-02-11T05:39:01.041Z] [runtime-status] [30137] Ephemeral server handling OPTIONS request
[debug] [2020-02-11T05:39:01.045Z] [runtime-status] [30137] Ephemeral server survived.
[info] i  functions: Finished "test" in ~1s
[debug] [2020-02-11T05:39:01.048Z] [worker-test-b5048d3d-1da9-4462-b3e6-8f4ddce8ff0b]: IDLE
[debug] [2020-02-11T05:39:01.048Z] [work-queue] {"queueLength":0,"workRunningCount":0}
[debug] [2020-02-11T05:39:01.059Z] [work-queue] {"queueLength":1,"workRunningCount":0}
[debug] [2020-02-11T05:39:01.060Z] [work-queue] {"queueLength":0,"workRunningCount":1}
[debug] [2020-02-11T05:39:01.061Z] Accepted request PUT /mlvclab-intranet-khu/us-central1/test/123 --> test
[debug] [2020-02-11T05:39:01.061Z] [worker-pool] submitWork(triggerId=test)
[debug] [2020-02-11T05:39:01.061Z] [worker-test-b5048d3d-1da9-4462-b3e6-8f4ddce8ff0b]: Assigning socketPath: /tmp/fire_emu_30137.sock
[debug] [2020-02-11T05:39:01.062Z] [worker-test-b5048d3d-1da9-4462-b3e6-8f4ddce8ff0b]: BUSY
[debug] [2020-02-11T05:39:01.065Z] [runtime-status] [30137] Trigger "test" has been found, beginning invocation!
[info] i  functions: Beginning execution of "test"
[debug] [2020-02-11T05:39:01.066Z] [runtime-status] [30137] triggerDefinition {"httpsTrigger":{},"name":"test","entryPoint":"test"}
[debug] [2020-02-11T05:39:01.066Z] [runtime-status] [30137] Running test in mode HTTPS
[debug] [2020-02-11T05:39:01.066Z] [runtime-status] [30137] Attempting to listen to socketPath: /tmp/fire_emu_30137.sock
[debug] [2020-02-11T05:39:01.068Z] [functions] Runtime ready! Sending request!
[debug] [2020-02-11T05:39:01.075Z] [runtime-status] [30137] Ephemeral server handling PUT request
[debug] [2020-02-11T05:39:01.078Z] [runtime-status] [30137] Ephemeral server survived.
[info] i  functions: Finished "test" in ~1s
[debug] [2020-02-11T05:39:01.084Z] [worker-test-b5048d3d-1da9-4462-b3e6-8f4ddce8ff0b]: IDLE
[debug] [2020-02-11T05:39:01.084Z] [work-queue] {"queueLength":0,"workRunningCount":0}
[debug] [2020-02-11T05:39:03.213Z] [work-queue] {"queueLength":1,"workRunningCount":0}
[debug] [2020-02-11T05:39:03.214Z] [work-queue] {"queueLength":0,"workRunningCount":1}
[debug] [2020-02-11T05:39:03.214Z] Accepted request GET /mlvclab-intranet-khu/us-central1/test/123 --> test
[debug] [2020-02-11T05:39:03.214Z] [worker-pool] submitWork(triggerId=test)
[debug] [2020-02-11T05:39:03.215Z] [worker-test-b5048d3d-1da9-4462-b3e6-8f4ddce8ff0b]: Assigning socketPath: /tmp/fire_emu_30137.sock
[debug] [2020-02-11T05:39:03.215Z] [worker-test-b5048d3d-1da9-4462-b3e6-8f4ddce8ff0b]: BUSY
[debug] [2020-02-11T05:39:03.219Z] [runtime-status] [30137] Trigger "test" has been found, beginning invocation!
[info] i  functions: Beginning execution of "test"
[debug] [2020-02-11T05:39:03.220Z] [runtime-status] [30137] triggerDefinition {"httpsTrigger":{},"name":"test","entryPoint":"test"}
[debug] [2020-02-11T05:39:03.220Z] [runtime-status] [30137] Running test in mode HTTPS
[debug] [2020-02-11T05:39:03.220Z] [runtime-status] [30137] Attempting to listen to socketPath: /tmp/fire_emu_30137.sock
[debug] [2020-02-11T05:39:03.222Z] [functions] Runtime ready! Sending request!
[debug] [2020-02-11T05:39:03.232Z] [runtime-status] [30137] Ephemeral server handling GET request
[debug] [2020-02-11T05:39:03.236Z] [runtime-status] [30137] Ephemeral server survived.
[info] i  functions: Finished "test" in ~1s
[debug] [2020-02-11T05:39:03.237Z] [worker-test-b5048d3d-1da9-4462-b3e6-8f4ddce8ff0b]: IDLE
[debug] [2020-02-11T05:39:03.237Z] [work-queue] {"queueLength":0,"workRunningCount":0}
[debug] [2020-02-11T05:39:04.327Z] [work-queue] {"queueLength":1,"workRunningCount":0}
[debug] [2020-02-11T05:39:04.327Z] [work-queue] {"queueLength":0,"workRunningCount":1}
[debug] [2020-02-11T05:39:04.327Z] Accepted request DELETE /mlvclab-intranet-khu/us-central1/test/123 --> test
[debug] [2020-02-11T05:39:04.327Z] [worker-pool] submitWork(triggerId=test)
[debug] [2020-02-11T05:39:04.328Z] [worker-test-b5048d3d-1da9-4462-b3e6-8f4ddce8ff0b]: Assigning socketPath: /tmp/fire_emu_30137.sock
[debug] [2020-02-11T05:39:04.328Z] [worker-test-b5048d3d-1da9-4462-b3e6-8f4ddce8ff0b]: BUSY
[debug] [2020-02-11T05:39:04.331Z] [runtime-status] [30137] Trigger "test" has been found, beginning invocation!
[info] i  functions: Beginning execution of "test"
[debug] [2020-02-11T05:39:04.332Z] [runtime-status] [30137] triggerDefinition {"httpsTrigger":{},"name":"test","entryPoint":"test"}
[debug] [2020-02-11T05:39:04.332Z] [runtime-status] [30137] Running test in mode HTTPS
[debug] [2020-02-11T05:39:04.334Z] [runtime-status] [30137] Attempting to listen to socketPath: /tmp/fire_emu_30137.sock
[debug] [2020-02-11T05:39:04.336Z] [functions] Runtime ready! Sending request!
[debug] [2020-02-11T05:39:04.347Z] [runtime-status] [30137] Ephemeral server handling DELETE request
[debug] [2020-02-11T05:39:04.347Z] [runtime-status] [30137] Ephemeral server survived.
[info] i  functions: Finished "test" in ~1s
[debug] [2020-02-11T05:39:04.351Z] [worker-test-b5048d3d-1da9-4462-b3e6-8f4ddce8ff0b]: IDLE
[debug] [2020-02-11T05:39:04.352Z] [work-queue] {"queueLength":0,"workRunningCount":0}
[debug] [2020-02-11T05:39:07.322Z] [work-queue] {"queueLength":1,"workRunningCount":0}
[debug] [2020-02-11T05:39:07.322Z] [work-queue] {"queueLength":0,"workRunningCount":1}
[debug] [2020-02-11T05:39:07.322Z] Accepted request GET /mlvclab-intranet-khu/us-central1/test/123 --> test
[debug] [2020-02-11T05:39:07.322Z] [worker-pool] submitWork(triggerId=test)
[debug] [2020-02-11T05:39:07.323Z] [worker-test-b5048d3d-1da9-4462-b3e6-8f4ddce8ff0b]: Assigning socketPath: /tmp/fire_emu_30137.sock
[debug] [2020-02-11T05:39:07.323Z] [worker-test-b5048d3d-1da9-4462-b3e6-8f4ddce8ff0b]: BUSY
[debug] [2020-02-11T05:39:07.326Z] [runtime-status] [30137] Trigger "test" has been found, beginning invocation!
[info] i  functions: Beginning execution of "test"
[debug] [2020-02-11T05:39:07.327Z] [runtime-status] [30137] triggerDefinition {"httpsTrigger":{},"name":"test","entryPoint":"test"}
[debug] [2020-02-11T05:39:07.327Z] [runtime-status] [30137] Running test in mode HTTPS
[debug] [2020-02-11T05:39:07.328Z] [runtime-status] [30137] Attempting to listen to socketPath: /tmp/fire_emu_30137.sock
[debug] [2020-02-11T05:39:07.330Z] [functions] Runtime ready! Sending request!
[debug] [2020-02-11T05:39:07.342Z] [runtime-status] [30137] Ephemeral server handling GET request
[debug] [2020-02-11T05:39:07.342Z] [runtime-status] [30137] Ephemeral server survived.
[info] i  functions: Finished "test" in ~1s
[debug] [2020-02-11T05:39:07.351Z] [worker-test-b5048d3d-1da9-4462-b3e6-8f4ddce8ff0b]: IDLE
[debug] [2020-02-11T05:39:07.351Z] [work-queue] {"queueLength":0,"workRunningCount":0}
[debug] [2020-02-11T05:39:08.909Z] [work-queue] {"queueLength":1,"workRunningCount":0}
[debug] [2020-02-11T05:39:08.910Z] [work-queue] {"queueLength":0,"workRunningCount":1}
[debug] [2020-02-11T05:39:08.910Z] Accepted request GET /mlvclab-intranet-khu/us-central1/test/123 --> test
[debug] [2020-02-11T05:39:08.910Z] [worker-pool] submitWork(triggerId=test)
[debug] [2020-02-11T05:39:08.910Z] [worker-test-b5048d3d-1da9-4462-b3e6-8f4ddce8ff0b]: Assigning socketPath: /tmp/fire_emu_30137.sock
[debug] [2020-02-11T05:39:08.911Z] [worker-test-b5048d3d-1da9-4462-b3e6-8f4ddce8ff0b]: BUSY
[debug] [2020-02-11T05:39:08.913Z] [runtime-status] [30137] Trigger "test" has been found, beginning invocation!
[info] i  functions: Beginning execution of "test"
[debug] [2020-02-11T05:39:08.914Z] [runtime-status] [30137] triggerDefinition {"httpsTrigger":{},"name":"test","entryPoint":"test"}
[debug] [2020-02-11T05:39:08.915Z] [runtime-status] [30137] Running test in mode HTTPS
[debug] [2020-02-11T05:39:08.915Z] [runtime-status] [30137] Attempting to listen to socketPath: /tmp/fire_emu_30137.sock
[debug] [2020-02-11T05:39:08.916Z] [functions] Runtime ready! Sending request!
[debug] [2020-02-11T05:39:08.921Z] [runtime-status] [30137] Ephemeral server handling GET request
[debug] [2020-02-11T05:39:08.922Z] [runtime-status] [30137] Ephemeral server survived.
[info] i  functions: Finished "test" in ~1s
[debug] [2020-02-11T05:39:08.923Z] [worker-test-b5048d3d-1da9-4462-b3e6-8f4ddce8ff0b]: IDLE
[debug] [2020-02-11T05:39:08.923Z] [work-queue] {"queueLength":0,"workRunningCount":0}
[debug] [2020-02-11T05:39:09.859Z] [work-queue] {"queueLength":1,"workRunningCount":0}
[debug] [2020-02-11T05:39:09.860Z] [work-queue] {"queueLength":0,"workRunningCount":1}
[debug] [2020-02-11T05:39:09.860Z] Accepted request GET /mlvclab-intranet-khu/us-central1/test/123 --> test
[debug] [2020-02-11T05:39:09.860Z] [worker-pool] submitWork(triggerId=test)
[debug] [2020-02-11T05:39:09.860Z] [worker-test-b5048d3d-1da9-4462-b3e6-8f4ddce8ff0b]: Assigning socketPath: /tmp/fire_emu_30137.sock
[debug] [2020-02-11T05:39:09.860Z] [worker-test-b5048d3d-1da9-4462-b3e6-8f4ddce8ff0b]: BUSY
[debug] [2020-02-11T05:39:09.863Z] [runtime-status] [30137] Trigger "test" has been found, beginning invocation!
[info] i  functions: Beginning execution of "test"
[debug] [2020-02-11T05:39:09.864Z] [runtime-status] [30137] triggerDefinition {"httpsTrigger":{},"name":"test","entryPoint":"test"}
[debug] [2020-02-11T05:39:09.864Z] [runtime-status] [30137] Running test in mode HTTPS
[debug] [2020-02-11T05:39:09.864Z] [runtime-status] [30137] Attempting to listen to socketPath: /tmp/fire_emu_30137.sock
[debug] [2020-02-11T05:39:09.866Z] [functions] Runtime ready! Sending request!
[debug] [2020-02-11T05:39:09.872Z] [runtime-status] [30137] Ephemeral server handling GET request
[debug] [2020-02-11T05:39:09.873Z] [runtime-status] [30137] Ephemeral server survived.
[info] i  functions: Finished "test" in ~1s
[debug] [2020-02-11T05:39:09.874Z] [worker-test-b5048d3d-1da9-4462-b3e6-8f4ddce8ff0b]: IDLE
[debug] [2020-02-11T05:39:09.874Z] [work-queue] {"queueLength":0,"workRunningCount":0}
[debug] [2020-02-11T05:39:10.965Z] [work-queue] {"queueLength":1,"workRunningCount":0}
[debug] [2020-02-11T05:39:10.965Z] [work-queue] {"queueLength":0,"workRunningCount":1}
[debug] [2020-02-11T05:39:10.965Z] Accepted request OPTIONS /mlvclab-intranet-khu/us-central1/test/123 --> test
[debug] [2020-02-11T05:39:10.966Z] [worker-pool] submitWork(triggerId=test)
[debug] [2020-02-11T05:39:10.966Z] [worker-test-b5048d3d-1da9-4462-b3e6-8f4ddce8ff0b]: Assigning socketPath: /tmp/fire_emu_30137.sock
[debug] [2020-02-11T05:39:10.966Z] [worker-test-b5048d3d-1da9-4462-b3e6-8f4ddce8ff0b]: BUSY
[debug] [2020-02-11T05:39:10.972Z] [runtime-status] [30137] Trigger "test" has been found, beginning invocation!
[info] i  functions: Beginning execution of "test"
[debug] [2020-02-11T05:39:10.972Z] [runtime-status] [30137] triggerDefinition {"httpsTrigger":{},"name":"test","entryPoint":"test"}
[debug] [2020-02-11T05:39:10.973Z] [runtime-status] [30137] Running test in mode HTTPS
[debug] [2020-02-11T05:39:10.973Z] [runtime-status] [30137] Attempting to listen to socketPath: /tmp/fire_emu_30137.sock
[debug] [2020-02-11T05:39:10.974Z] [functions] Runtime ready! Sending request!
[debug] [2020-02-11T05:39:10.986Z] [runtime-status] [30137] Ephemeral server handling OPTIONS request
[debug] [2020-02-11T05:39:10.987Z] [runtime-status] [30137] Ephemeral server survived.
[info] i  functions: Finished "test" in ~1s
[debug] [2020-02-11T05:39:10.992Z] [worker-test-b5048d3d-1da9-4462-b3e6-8f4ddce8ff0b]: IDLE
[debug] [2020-02-11T05:39:10.992Z] [work-queue] {"queueLength":0,"workRunningCount":0}
[debug] [2020-02-11T05:39:11.001Z] [work-queue] {"queueLength":1,"workRunningCount":0}
[debug] [2020-02-11T05:39:11.002Z] [work-queue] {"queueLength":0,"workRunningCount":1}
[debug] [2020-02-11T05:39:11.002Z] Accepted request PUT /mlvclab-intranet-khu/us-central1/test/123 --> test
[debug] [2020-02-11T05:39:11.002Z] [worker-pool] submitWork(triggerId=test)
[debug] [2020-02-11T05:39:11.002Z] [worker-test-b5048d3d-1da9-4462-b3e6-8f4ddce8ff0b]: Assigning socketPath: /tmp/fire_emu_30137.sock
[debug] [2020-02-11T05:39:11.003Z] [worker-test-b5048d3d-1da9-4462-b3e6-8f4ddce8ff0b]: BUSY
[debug] [2020-02-11T05:39:11.007Z] [runtime-status] [30137] Trigger "test" has been found, beginning invocation!
[info] i  functions: Beginning execution of "test"
[debug] [2020-02-11T05:39:11.008Z] [runtime-status] [30137] triggerDefinition {"httpsTrigger":{},"name":"test","entryPoint":"test"}
[debug] [2020-02-11T05:39:11.010Z] [runtime-status] [30137] Running test in mode HTTPS
[debug] [2020-02-11T05:39:11.019Z] [runtime-status] [30137] Attempting to listen to socketPath: /tmp/fire_emu_30137.sock
[debug] [2020-02-11T05:39:11.020Z] [functions] Runtime ready! Sending request!
[debug] [2020-02-11T05:39:11.026Z] [runtime-status] [30137] Ephemeral server handling PUT request
[debug] [2020-02-11T05:39:11.027Z] [runtime-status] [30137] Ephemeral server survived.
[info] i  functions: Finished "test" in ~1s
[debug] [2020-02-11T05:39:11.030Z] [worker-test-b5048d3d-1da9-4462-b3e6-8f4ddce8ff0b]: IDLE
[debug] [2020-02-11T05:39:11.030Z] [work-queue] {"queueLength":0,"workRunningCount":0}
[debug] [2020-02-11T05:39:11.488Z] [work-queue] {"queueLength":1,"workRunningCount":0}
[debug] [2020-02-11T05:39:11.488Z] [work-queue] {"queueLength":0,"workRunningCount":1}
[debug] [2020-02-11T05:39:11.488Z] Accepted request PUT /mlvclab-intranet-khu/us-central1/test/123 --> test
[debug] [2020-02-11T05:39:11.489Z] [worker-pool] submitWork(triggerId=test)
[debug] [2020-02-11T05:39:11.489Z] [worker-test-b5048d3d-1da9-4462-b3e6-8f4ddce8ff0b]: Assigning socketPath: /tmp/fire_emu_30137.sock
[debug] [2020-02-11T05:39:11.489Z] [worker-test-b5048d3d-1da9-4462-b3e6-8f4ddce8ff0b]: BUSY
[debug] [2020-02-11T05:39:11.495Z] [runtime-status] [30137] Trigger "test" has been found, beginning invocation!
[info] i  functions: Beginning execution of "test"
[debug] [2020-02-11T05:39:11.497Z] [runtime-status] [30137] triggerDefinition {"httpsTrigger":{},"name":"test","entryPoint":"test"}
[debug] [2020-02-11T05:39:11.497Z] [runtime-status] [30137] Running test in mode HTTPS
[debug] [2020-02-11T05:39:11.497Z] [runtime-status] [30137] Attempting to listen to socketPath: /tmp/fire_emu_30137.sock
[debug] [2020-02-11T05:39:11.499Z] [functions] Runtime ready! Sending request!
[debug] [2020-02-11T05:39:11.510Z] [runtime-status] [30137] Ephemeral server handling PUT request
[debug] [2020-02-11T05:39:11.510Z] [runtime-status] [30137] Ephemeral server survived.
[info] i  functions: Finished "test" in ~1s
[debug] [2020-02-11T05:39:11.519Z] [worker-test-b5048d3d-1da9-4462-b3e6-8f4ddce8ff0b]: IDLE
[debug] [2020-02-11T05:39:11.519Z] [work-queue] {"queueLength":0,"workRunningCount":0}
[debug] [2020-02-11T05:39:12.188Z] [work-queue] {"queueLength":1,"workRunningCount":0}
[debug] [2020-02-11T05:39:12.188Z] [work-queue] {"queueLength":0,"workRunningCount":1}
[debug] [2020-02-11T05:39:12.188Z] Accepted request DELETE /mlvclab-intranet-khu/us-central1/test/123 --> test
[debug] [2020-02-11T05:39:12.189Z] [worker-pool] submitWork(triggerId=test)
[debug] [2020-02-11T05:39:12.189Z] [worker-test-b5048d3d-1da9-4462-b3e6-8f4ddce8ff0b]: Assigning socketPath: /tmp/fire_emu_30137.sock
[debug] [2020-02-11T05:39:12.189Z] [worker-test-b5048d3d-1da9-4462-b3e6-8f4ddce8ff0b]: BUSY
[debug] [2020-02-11T05:39:12.194Z] [runtime-status] [30137] Trigger "test" has been found, beginning invocation!
[info] i  functions: Beginning execution of "test"
[debug] [2020-02-11T05:39:12.195Z] [runtime-status] [30137] triggerDefinition {"httpsTrigger":{},"name":"test","entryPoint":"test"}
[debug] [2020-02-11T05:39:12.195Z] [runtime-status] [30137] Running test in mode HTTPS
[debug] [2020-02-11T05:39:12.195Z] [runtime-status] [30137] Attempting to listen to socketPath: /tmp/fire_emu_30137.sock
[debug] [2020-02-11T05:39:12.196Z] [functions] Runtime ready! Sending request!
[debug] [2020-02-11T05:39:12.206Z] [runtime-status] [30137] Ephemeral server handling DELETE request
[debug] [2020-02-11T05:39:12.206Z] [runtime-status] [30137] Ephemeral server survived.
[info] i  functions: Finished "test" in ~1s
[debug] [2020-02-11T05:39:12.215Z] [worker-test-b5048d3d-1da9-4462-b3e6-8f4ddce8ff0b]: IDLE
[debug] [2020-02-11T05:39:12.216Z] [work-queue] {"queueLength":0,"workRunningCount":0}
[debug] [2020-02-11T05:39:13.089Z] [work-queue] {"queueLength":1,"workRunningCount":0}
[debug] [2020-02-11T05:39:13.089Z] [work-queue] {"queueLength":0,"workRunningCount":1}
[debug] [2020-02-11T05:39:13.089Z] Accepted request DELETE /mlvclab-intranet-khu/us-central1/test/123 --> test
[debug] [2020-02-11T05:39:13.089Z] [worker-pool] submitWork(triggerId=test)
[debug] [2020-02-11T05:39:13.089Z] [worker-test-b5048d3d-1da9-4462-b3e6-8f4ddce8ff0b]: Assigning socketPath: /tmp/fire_emu_30137.sock
[debug] [2020-02-11T05:39:13.089Z] [worker-test-b5048d3d-1da9-4462-b3e6-8f4ddce8ff0b]: BUSY
[debug] [2020-02-11T05:39:13.089Z] [runtime-status] [30137] Trigger "test" has been found, beginning invocation!
[info] i  functions: Beginning execution of "test"
[debug] [2020-02-11T05:39:13.090Z] [runtime-status] [30137] triggerDefinition {"httpsTrigger":{},"name":"test","entryPoint":"test"}
[debug] [2020-02-11T05:39:13.090Z] [runtime-status] [30137] Running test in mode HTTPS
[debug] [2020-02-11T05:39:13.090Z] [runtime-status] [30137] Attempting to listen to socketPath: /tmp/fire_emu_30137.sock
[debug] [2020-02-11T05:39:13.090Z] [functions] Runtime ready! Sending request!
[debug] [2020-02-11T05:39:13.094Z] [runtime-status] [30137] Ephemeral server handling DELETE request
[debug] [2020-02-11T05:39:13.097Z] [runtime-status] [30137] Ephemeral server survived.
[info] i  functions: Finished "test" in ~1s
[debug] [2020-02-11T05:39:13.098Z] [worker-test-b5048d3d-1da9-4462-b3e6-8f4ddce8ff0b]: IDLE
[debug] [2020-02-11T05:39:13.098Z] [work-queue] {"queueLength":0,"workRunningCount":0}
[debug] [2020-02-11T05:39:13.262Z] [work-queue] {"queueLength":1,"workRunningCount":0}
[debug] [2020-02-11T05:39:13.262Z] [work-queue] {"queueLength":0,"workRunningCount":1}
[debug] [2020-02-11T05:39:13.262Z] Accepted request DELETE /mlvclab-intranet-khu/us-central1/test/123 --> test
[debug] [2020-02-11T05:39:13.263Z] [worker-pool] submitWork(triggerId=test)
[debug] [2020-02-11T05:39:13.263Z] [worker-test-b5048d3d-1da9-4462-b3e6-8f4ddce8ff0b]: Assigning socketPath: /tmp/fire_emu_30137.sock
[debug] [2020-02-11T05:39:13.263Z] [worker-test-b5048d3d-1da9-4462-b3e6-8f4ddce8ff0b]: BUSY
[debug] [2020-02-11T05:39:13.266Z] [runtime-status] [30137] Trigger "test" has been found, beginning invocation!
[info] i  functions: Beginning execution of "test"
[debug] [2020-02-11T05:39:13.266Z] [runtime-status] [30137] triggerDefinition {"httpsTrigger":{},"name":"test","entryPoint":"test"}
[debug] [2020-02-11T05:39:13.266Z] [runtime-status] [30137] Running test in mode HTTPS
[debug] [2020-02-11T05:39:13.266Z] [runtime-status] [30137] Attempting to listen to socketPath: /tmp/fire_emu_30137.sock
[debug] [2020-02-11T05:39:13.267Z] [functions] Runtime ready! Sending request!
[debug] [2020-02-11T05:39:13.269Z] [runtime-status] [30137] Ephemeral server handling DELETE request
[debug] [2020-02-11T05:39:13.270Z] [runtime-status] [30137] Ephemeral server survived.
[info] i  functions: Finished "test" in ~1s
[debug] [2020-02-11T05:39:13.271Z] [worker-test-b5048d3d-1da9-4462-b3e6-8f4ddce8ff0b]: IDLE
[debug] [2020-02-11T05:39:13.271Z] [work-queue] {"queueLength":0,"workRunningCount":0}
